<?xml version="1.0" encoding="UTF-8"?>
<!-- Generated by org.testng.reporters.JUnitReportReporter -->
<testsuite skipped="0" hostname="ParagGauravs-MacBook-Pro.local" name="javapackage.TestNG1" tests="1" failures="0" timestamp="2023-07-02T19:47:54 IST" time="0.008" errors="0">
  <testcase name="a2" time="0.008" classname="javapackage.TestNG1"/>
  <system-out/>
</testsuite> <!-- javapackage.TestNG1 -->
